  main.cpp
  ofApp.cpp
  map.cpp
  player.cpp
  trap.cpp
  ofxBaseGui.cpp
  ofxButton.cpp
  ofxColorPicker.cpp
  ofxGuiGroup.cpp
  ofxInputField.cpp
  ofxLabel.cpp
  ofxPanel.cpp
  ofxSlider.cpp
  ofxSliderGroup.cpp
  ofxToggle.cpp
D:\Ascend Project\of_v0.12.1_vs_64_release\libs\openFrameworks\types\ofColor.h(735,6): warning C4244: '=': conversion from 'float' to 'PixelType', possible loss of data
D:\Ascend Project\of_v0.12.1_vs_64_release\libs\openFrameworks\types\ofColor.h(735,6): warning C4244:         with
D:\Ascend Project\of_v0.12.1_vs_64_release\libs\openFrameworks\types\ofColor.h(735,6): warning C4244:         [
D:\Ascend Project\of_v0.12.1_vs_64_release\libs\openFrameworks\types\ofColor.h(735,6): warning C4244:             PixelType=unsigned char
D:\Ascend Project\of_v0.12.1_vs_64_release\libs\openFrameworks\types\ofColor.h(735,6): warning C4244:         ]
  (compiling source file '../../../addons/ofxGui/src/ofxColorPicker.cpp')
  
D:\Ascend Project\of_v0.12.1_vs_64_release\addons\ofxGui\src\ofxInputField.cpp(369,43): warning C4267: 'argument': conversion from 'size_t' to 'int', possible loss of data
      D:\Ascend Project\of_v0.12.1_vs_64_release\addons\ofxGui\src\ofxInputField.cpp(369,43):
      the template instantiation context (the oldest one first) is
          D:\Ascend Project\of_v0.12.1_vs_64_release\addons\ofxGui\src\ofxInputField.cpp(804,36):
          see reference to class template instantiation 'ofxInputField<float>' being compiled
          D:\Ascend Project\of_v0.12.1_vs_64_release\addons\ofxGui\src\ofxInputField.cpp(351,65):
          while compiling class template member function 'bool ofxInputField<float>::mousePressed(ofMouseEventArgs &)'
  
D:\Ascend Project\of_v0.12.1_vs_64_release\addons\ofxGui\src\ofxInputField.cpp(530,42): warning C4267: 'argument': conversion from 'size_t' to 'int', possible loss of data
      D:\Ascend Project\of_v0.12.1_vs_64_release\addons\ofxGui\src\ofxInputField.cpp(530,42):
      the template instantiation context (the oldest one first) is
          D:\Ascend Project\of_v0.12.1_vs_64_release\addons\ofxGui\src\ofxInputField.cpp(471,60):
          while compiling class template member function 'bool ofxInputField<float>::keyPressed(ofKeyEventArgs &)'
  
D:\Ascend Project\of_v0.12.1_vs_64_release\addons\ofxGui\src\ofxInputField.cpp(557,44): warning C4267: 'argument': conversion from 'size_t' to 'int', possible loss of data
D:\Ascend Project\of_v0.12.1_vs_64_release\addons\ofxGui\src\ofxInputField.cpp(559,16): warning C4267: 'argument': conversion from 'size_t' to 'int', possible loss of data
D:\Ascend Project\of_v0.12.1_vs_64_release\addons\ofxGui\src\ofxInputField.cpp(775,26): warning C4267: 'argument': conversion from 'size_t' to 'int', possible loss of data
      D:\Ascend Project\of_v0.12.1_vs_64_release\addons\ofxGui\src\ofxInputField.cpp(775,26):
      the template instantiation context (the oldest one first) is
          D:\Ascend Project\of_v0.12.1_vs_64_release\addons\ofxGui\src\ofxInputField.cpp(772,53):
          while compiling class template member function 'void ofxInputField<float>::valueChanged(Type &)'
          with
          [
              Type=float
          ]
              D:\Ascend Project\of_v0.12.1_vs_64_release\addons\ofxGui\src\ofxInputField.cpp(147,16):
              see the first reference to 'ofxInputField<float>::valueChanged' in 'ofxInputField<float>::setup'
              D:\Ascend Project\of_v0.12.1_vs_64_release\addons\ofxGui\src\ofxInputField.cpp(129,7):
              see the first reference to 'ofxInputField<float>::setup' in 'ofxInputField<float>::ofxInputField'
  
D:\Ascend Project\of_v0.12.1_vs_64_release\addons\ofxGui\src\ofxSliderGroup.cpp(25,41): warning C4267: 'argument': conversion from 'size_t' to 'glm::vec<3,float,glm::packed_highp>::length_type', possible loss of data
      D:\Ascend Project\of_v0.12.1_vs_64_release\addons\ofxGui\src\ofxSliderGroup.cpp(25,41):
      the template instantiation context (the oldest one first) is
          D:\Ascend Project\of_v0.12.1_vs_64_release\addons\ofxGui\src\ofxSliderGroup.cpp(68,34):
          see reference to class template instantiation 'ofxVecSlider_<ofDefaultVec3>' being compiled
          D:\Ascend Project\of_v0.12.1_vs_64_release\addons\ofxGui\src\ofxSliderGroup.cpp(10,110):
          while compiling class template member function 'ofxVecSlider_<ofDefaultVec3> *ofxVecSlider_<ofDefaultVec3>::setup(ofParameter<ofDefaultVec3>,float,float)'
              D:\Ascend Project\of_v0.12.1_vs_64_release\addons\ofxGui\src\ofxSliderGroup.cpp(6,10):
              see the first reference to 'ofxVecSlider_<ofDefaultVec3>::setup' in 'ofxVecSlider_<ofDefaultVec3>::ofxVecSlider_'
  
D:\Ascend Project\of_v0.12.1_vs_64_release\addons\ofxGui\src\ofxSliderGroup.cpp(25,49): warning C4267: 'argument': conversion from 'size_t' to 'glm::vec<3,float,glm::packed_highp>::length_type', possible loss of data
D:\Ascend Project\of_v0.12.1_vs_64_release\addons\ofxGui\src\ofxSliderGroup.cpp(25,57): warning C4267: 'argument': conversion from 'size_t' to 'glm::vec<3,float,glm::packed_highp>::length_type', possible loss of data
D:\Ascend Project\of_v0.12.1_vs_64_release\addons\ofxGui\src\ofxSliderGroup.cpp(58,54): warning C4267: 'argument': conversion from 'size_t' to 'glm::vec<3,float,glm::packed_highp>::length_type', possible loss of data
      D:\Ascend Project\of_v0.12.1_vs_64_release\addons\ofxGui\src\ofxSliderGroup.cpp(58,54):
      the template instantiation context (the oldest one first) is
          D:\Ascend Project\of_v0.12.1_vs_64_release\addons\ofxGui\src\ofxSliderGroup.cpp(53,58):
          while compiling class template member function 'void ofxVecSlider_<ofDefaultVec3>::changeValue(VecType &)'
          with
          [
              VecType=ofDefaultVec3
          ]
              D:\Ascend Project\of_v0.12.1_vs_64_release\addons\ofxGui\src\ofxSliderGroup.cpp(18,16):
              see the first reference to 'ofxVecSlider_<ofDefaultVec3>::changeValue' in 'ofxVecSlider_<ofDefaultVec3>::setup'
              D:\Ascend Project\of_v0.12.1_vs_64_release\addons\ofxGui\src\ofxSliderGroup.cpp(6,10):
              see the first reference to 'ofxVecSlider_<ofDefaultVec3>::setup' in 'ofxVecSlider_<ofDefaultVec3>::ofxVecSlider_'
  
D:\Ascend Project\of_v0.12.1_vs_64_release\addons\ofxGui\src\ofxSliderGroup.cpp(25,41): warning C4267: 'argument': conversion from 'size_t' to 'glm::vec<2,float,glm::packed_highp>::length_type', possible loss of data
      D:\Ascend Project\of_v0.12.1_vs_64_release\addons\ofxGui\src\ofxSliderGroup.cpp(25,41):
      the template instantiation context (the oldest one first) is
          D:\Ascend Project\of_v0.12.1_vs_64_release\addons\ofxGui\src\ofxSliderGroup.cpp(63,34):
          see reference to class template instantiation 'ofxVecSlider_<ofDefaultVec2>' being compiled
          D:\Ascend Project\of_v0.12.1_vs_64_release\addons\ofxGui\src\ofxSliderGroup.cpp(10,110):
          while compiling class template member function 'ofxVecSlider_<ofDefaultVec2> *ofxVecSlider_<ofDefaultVec2>::setup(ofParameter<ofDefaultVec2>,float,float)'
              D:\Ascend Project\of_v0.12.1_vs_64_release\addons\ofxGui\src\ofxSliderGroup.cpp(6,10):
              see the first reference to 'ofxVecSlider_<ofDefaultVec2>::setup' in 'ofxVecSlider_<ofDefaultVec2>::ofxVecSlider_'
  
D:\Ascend Project\of_v0.12.1_vs_64_release\addons\ofxGui\src\ofxSliderGroup.cpp(25,49): warning C4267: 'argument': conversion from 'size_t' to 'glm::vec<2,float,glm::packed_highp>::length_type', possible loss of data
D:\Ascend Project\of_v0.12.1_vs_64_release\addons\ofxGui\src\ofxSliderGroup.cpp(25,57): warning C4267: 'argument': conversion from 'size_t' to 'glm::vec<2,float,glm::packed_highp>::length_type', possible loss of data
D:\Ascend Project\of_v0.12.1_vs_64_release\addons\ofxGui\src\ofxSliderGroup.cpp(58,54): warning C4267: 'argument': conversion from 'size_t' to 'glm::vec<2,float,glm::packed_highp>::length_type', possible loss of data
      D:\Ascend Project\of_v0.12.1_vs_64_release\addons\ofxGui\src\ofxSliderGroup.cpp(58,54):
      the template instantiation context (the oldest one first) is
          D:\Ascend Project\of_v0.12.1_vs_64_release\addons\ofxGui\src\ofxSliderGroup.cpp(53,58):
          while compiling class template member function 'void ofxVecSlider_<ofDefaultVec2>::changeValue(VecType &)'
          with
          [
              VecType=ofDefaultVec2
          ]
              D:\Ascend Project\of_v0.12.1_vs_64_release\addons\ofxGui\src\ofxSliderGroup.cpp(18,16):
              see the first reference to 'ofxVecSlider_<ofDefaultVec2>::changeValue' in 'ofxVecSlider_<ofDefaultVec2>::setup'
              D:\Ascend Project\of_v0.12.1_vs_64_release\addons\ofxGui\src\ofxSliderGroup.cpp(6,10):
              see the first reference to 'ofxVecSlider_<ofDefaultVec2>::setup' in 'ofxVecSlider_<ofDefaultVec2>::ofxVecSlider_'
  
D:\Ascend Project\of_v0.12.1_vs_64_release\addons\ofxGui\src\ofxSliderGroup.cpp(25,41): warning C4267: 'argument': conversion from 'size_t' to 'glm::vec<4,float,glm::packed_highp>::length_type', possible loss of data
      D:\Ascend Project\of_v0.12.1_vs_64_release\addons\ofxGui\src\ofxSliderGroup.cpp(25,41):
      the template instantiation context (the oldest one first) is
          D:\Ascend Project\of_v0.12.1_vs_64_release\addons\ofxGui\src\ofxSliderGroup.cpp(73,34):
          see reference to class template instantiation 'ofxVecSlider_<ofDefaultVec4>' being compiled
          D:\Ascend Project\of_v0.12.1_vs_64_release\addons\ofxGui\src\ofxSliderGroup.cpp(10,110):
          while compiling class template member function 'ofxVecSlider_<ofDefaultVec4> *ofxVecSlider_<ofDefaultVec4>::setup(ofParameter<ofDefaultVec4>,float,float)'
              D:\Ascend Project\of_v0.12.1_vs_64_release\addons\ofxGui\src\ofxSliderGroup.cpp(6,10):
              see the first reference to 'ofxVecSlider_<ofDefaultVec4>::setup' in 'ofxVecSlider_<ofDefaultVec4>::ofxVecSlider_'
  
D:\Ascend Project\of_v0.12.1_vs_64_release\addons\ofxGui\src\ofxSliderGroup.cpp(25,49): warning C4267: 'argument': conversion from 'size_t' to 'glm::vec<4,float,glm::packed_highp>::length_type', possible loss of data
D:\Ascend Project\of_v0.12.1_vs_64_release\addons\ofxGui\src\ofxSliderGroup.cpp(25,57): warning C4267: 'argument': conversion from 'size_t' to 'glm::vec<4,float,glm::packed_highp>::length_type', possible loss of data
D:\Ascend Project\of_v0.12.1_vs_64_release\addons\ofxGui\src\ofxSliderGroup.cpp(58,54): warning C4267: 'argument': conversion from 'size_t' to 'glm::vec<4,float,glm::packed_highp>::length_type', possible loss of data
      D:\Ascend Project\of_v0.12.1_vs_64_release\addons\ofxGui\src\ofxSliderGroup.cpp(58,54):
      the template instantiation context (the oldest one first) is
          D:\Ascend Project\of_v0.12.1_vs_64_release\addons\ofxGui\src\ofxSliderGroup.cpp(53,58):
          while compiling class template member function 'void ofxVecSlider_<ofDefaultVec4>::changeValue(VecType &)'
          with
          [
              VecType=ofDefaultVec4
          ]
              D:\Ascend Project\of_v0.12.1_vs_64_release\addons\ofxGui\src\ofxSliderGroup.cpp(18,16):
              see the first reference to 'ofxVecSlider_<ofDefaultVec4>::changeValue' in 'ofxVecSlider_<ofDefaultVec4>::setup'
              D:\Ascend Project\of_v0.12.1_vs_64_release\addons\ofxGui\src\ofxSliderGroup.cpp(6,10):
              see the first reference to 'ofxVecSlider_<ofDefaultVec4>::setup' in 'ofxVecSlider_<ofDefaultVec4>::ofxVecSlider_'
  
D:\Ascend Project\of_v0.12.1_vs_64_release\addons\ofxGui\src\ofxSliderGroup.cpp(25,41): warning C4267: 'argument': conversion from 'size_t' to 'int', possible loss of data
      D:\Ascend Project\of_v0.12.1_vs_64_release\addons\ofxGui\src\ofxSliderGroup.cpp(25,41):
      the template instantiation context (the oldest one first) is
          D:\Ascend Project\of_v0.12.1_vs_64_release\addons\ofxGui\src\ofxSliderGroup.cpp(78,32):
          see reference to class template instantiation 'ofxVecSlider_<ofVec2f>' being compiled
          D:\Ascend Project\of_v0.12.1_vs_64_release\addons\ofxGui\src\ofxSliderGroup.cpp(10,110):
          while compiling class template member function 'ofxVecSlider_<ofVec2f> *ofxVecSlider_<ofVec2f>::setup(ofParameter<ofVec2f>,float,float)'
              D:\Ascend Project\of_v0.12.1_vs_64_release\addons\ofxGui\src\ofxSliderGroup.cpp(6,10):
              see the first reference to 'ofxVecSlider_<ofVec2f>::setup' in 'ofxVecSlider_<ofVec2f>::ofxVecSlider_'
  
D:\Ascend Project\of_v0.12.1_vs_64_release\addons\ofxGui\src\ofxSliderGroup.cpp(25,49): warning C4267: 'argument': conversion from 'size_t' to 'int', possible loss of data
D:\Ascend Project\of_v0.12.1_vs_64_release\addons\ofxGui\src\ofxSliderGroup.cpp(25,57): warning C4267: 'argument': conversion from 'size_t' to 'int', possible loss of data
D:\Ascend Project\of_v0.12.1_vs_64_release\addons\ofxGui\src\ofxSliderGroup.cpp(58,54): warning C4267: 'argument': conversion from 'size_t' to 'int', possible loss of data
      D:\Ascend Project\of_v0.12.1_vs_64_release\addons\ofxGui\src\ofxSliderGroup.cpp(58,54):
      the template instantiation context (the oldest one first) is
          D:\Ascend Project\of_v0.12.1_vs_64_release\addons\ofxGui\src\ofxSliderGroup.cpp(53,58):
          while compiling class template member function 'void ofxVecSlider_<ofVec2f>::changeValue(VecType &)'
          with
          [
              VecType=ofVec2f
          ]
              D:\Ascend Project\of_v0.12.1_vs_64_release\addons\ofxGui\src\ofxSliderGroup.cpp(18,16):
              see the first reference to 'ofxVecSlider_<ofVec2f>::changeValue' in 'ofxVecSlider_<ofVec2f>::setup'
              D:\Ascend Project\of_v0.12.1_vs_64_release\addons\ofxGui\src\ofxSliderGroup.cpp(6,10):
              see the first reference to 'ofxVecSlider_<ofVec2f>::setup' in 'ofxVecSlider_<ofVec2f>::ofxVecSlider_'
  
D:\Ascend Project\of_v0.12.1_vs_64_release\addons\ofxGui\src\ofxColorPicker.cpp(216,44): warning C4267: 'argument': conversion from 'size_t' to 'int', possible loss of data
      D:\Ascend Project\of_v0.12.1_vs_64_release\addons\ofxGui\src\ofxColorPicker.cpp(216,44):
      the template instantiation context (the oldest one first) is
          D:\Ascend Project\of_v0.12.1_vs_64_release\addons\ofxGui\src\ofxColorPicker.cpp(492,46):
          see reference to class template instantiation 'ofxColorPicker_<unsigned char>' being compiled
          D:\Ascend Project\of_v0.12.1_vs_64_release\addons\ofxGui\src\ofxColorPicker.cpp(195,51):
          while compiling class template member function 'ofMesh ofxColorPicker_<unsigned char>::getColorPoint(void)'
              D:\Ascend Project\of_v0.12.1_vs_64_release\addons\ofxGui\src\ofxColorPicker.cpp(487,17):
              see the first reference to 'ofxColorPicker_<unsigned char>::getColorPoint' in 'ofxColorPicker_<unsigned char>::generateDraw'
  
D:\Ascend Project\of_v0.12.1_vs_64_release\addons\ofxGui\src\ofxColorPicker.cpp(217,44): warning C4267: 'argument': conversion from 'size_t' to 'int', possible loss of data
D:\Ascend Project\of_v0.12.1_vs_64_release\addons\ofxGui\src\ofxColorPicker.cpp(226,44): warning C4267: 'argument': conversion from 'size_t' to 'int', possible loss of data
D:\Ascend Project\of_v0.12.1_vs_64_release\addons\ofxGui\src\ofxColorPicker.cpp(227,44): warning C4267: 'argument': conversion from 'size_t' to 'int', possible loss of data
D:\Ascend Project\of_v0.12.1_vs_64_release\addons\ofxGui\src\ofxColorPicker.cpp(246,44): warning C4267: 'argument': conversion from 'size_t' to 'int', possible loss of data
      D:\Ascend Project\of_v0.12.1_vs_64_release\addons\ofxGui\src\ofxColorPicker.cpp(246,44):
      the template instantiation context (the oldest one first) is
          D:\Ascend Project\of_v0.12.1_vs_64_release\addons\ofxGui\src\ofxColorPicker.cpp(237,52):
          while compiling class template member function 'ofMesh ofxColorPicker_<unsigned char>::getColorWheel(void)'
              D:\Ascend Project\of_v0.12.1_vs_64_release\addons\ofxGui\src\ofxColorPicker.cpp(486,17):
              see the first reference to 'ofxColorPicker_<unsigned char>::getColorWheel' in 'ofxColorPicker_<unsigned char>::generateDraw'
  
D:\Ascend Project\of_v0.12.1_vs_64_release\addons\ofxGui\src\ofxColorPicker.cpp(247,44): warning C4267: 'argument': conversion from 'size_t' to 'int', possible loss of data
D:\Ascend Project\of_v0.12.1_vs_64_release\libs\openFrameworks\graphics\ofPolyline.inl(410,69): warning C4267: '=': conversion from 'size_t' to 'int', possible loss of data
  (compiling source file '../../../addons/ofxGui/src/ofxColorPicker.cpp')
      D:\Ascend Project\of_v0.12.1_vs_64_release\libs\openFrameworks\graphics\ofPolyline.inl(410,69):
      the template instantiation context (the oldest one first) is
          D:\Ascend Project\of_v0.12.1_vs_64_release\addons\ofxGui\src\ofxColorPicker.cpp(195,51):
          while compiling class template member function 'ofMesh ofxColorPicker_<unsigned char>::getColorPoint(void)'
              D:\Ascend Project\of_v0.12.1_vs_64_release\addons\ofxGui\src\ofxColorPicker.cpp(487,17):
              see the first reference to 'ofxColorPicker_<unsigned char>::getColorPoint' in 'ofxColorPicker_<unsigned char>::generateDraw'
          D:\Ascend Project\of_v0.12.1_vs_64_release\libs\openFrameworks\graphics\ofPolyline.inl(332,145):
          while compiling class template member function 'void ofPolyline_<ofDefaultVertexType>::arc(const T &,float,float,float,float,bool,int)'
          with
          [
              T=ofDefaultVertexType
          ]
  
D:\Ascend Project\of_v0.12.1_vs_64_release\libs\openFrameworks\types\ofColor.h(31,10): warning C4244: 'initializing': conversion from 'float' to 'PixelType', possible loss of data
D:\Ascend Project\of_v0.12.1_vs_64_release\libs\openFrameworks\types\ofColor.h(31,10): warning C4244:         with
D:\Ascend Project\of_v0.12.1_vs_64_release\libs\openFrameworks\types\ofColor.h(31,10): warning C4244:         [
D:\Ascend Project\of_v0.12.1_vs_64_release\libs\openFrameworks\types\ofColor.h(31,10): warning C4244:             PixelType=unsigned short
D:\Ascend Project\of_v0.12.1_vs_64_release\libs\openFrameworks\types\ofColor.h(31,10): warning C4244:         ]
  (compiling source file '../../../addons/ofxGui/src/ofxColorPicker.cpp')
      D:\Ascend Project\of_v0.12.1_vs_64_release\libs\openFrameworks\types\ofColor.h(31,10):
      the template instantiation context (the oldest one first) is
          D:\Ascend Project\of_v0.12.1_vs_64_release\libs\openFrameworks\types\ofColor.h(749,47):
          see reference to class template instantiation 'ofColor_<unsigned short>' being compiled
          D:\Ascend Project\of_v0.12.1_vs_64_release\libs\openFrameworks\types\ofColor.h(30,5):
          while compiling class template member function 'ofColor_<unsigned short>::ofColor_(void)'
              D:\Ascend Project\of_v0.12.1_vs_64_release\addons\ofxGui\src\ofxColorPicker.cpp(60,22):
              see the first reference to 'ofColor_<unsigned short>::ofColor_' in '`anonymous-namespace'::getCircularColor'
              D:\Ascend Project\of_v0.12.1_vs_64_release\addons\ofxGui\src\ofxColorPicker.cpp(330,10):
              see the first reference to '`anonymous-namespace'::getCircularColor' in 'ofxColorPicker_<unsigned short>::setColorScale'
  
D:\Ascend Project\of_v0.12.1_vs_64_release\libs\openFrameworks\types\ofColor.h(32,10): warning C4244: 'initializing': conversion from 'float' to 'PixelType', possible loss of data
D:\Ascend Project\of_v0.12.1_vs_64_release\libs\openFrameworks\types\ofColor.h(32,10): warning C4244:         with
D:\Ascend Project\of_v0.12.1_vs_64_release\libs\openFrameworks\types\ofColor.h(32,10): warning C4244:         [
D:\Ascend Project\of_v0.12.1_vs_64_release\libs\openFrameworks\types\ofColor.h(32,10): warning C4244:             PixelType=unsigned short
D:\Ascend Project\of_v0.12.1_vs_64_release\libs\openFrameworks\types\ofColor.h(32,10): warning C4244:         ]
  (compiling source file '../../../addons/ofxGui/src/ofxColorPicker.cpp')
  
D:\Ascend Project\of_v0.12.1_vs_64_release\libs\openFrameworks\types\ofColor.h(33,10): warning C4244: 'initializing': conversion from 'float' to 'PixelType', possible loss of data
D:\Ascend Project\of_v0.12.1_vs_64_release\libs\openFrameworks\types\ofColor.h(33,10): warning C4244:         with
D:\Ascend Project\of_v0.12.1_vs_64_release\libs\openFrameworks\types\ofColor.h(33,10): warning C4244:         [
D:\Ascend Project\of_v0.12.1_vs_64_release\libs\openFrameworks\types\ofColor.h(33,10): warning C4244:             PixelType=unsigned short
D:\Ascend Project\of_v0.12.1_vs_64_release\libs\openFrameworks\types\ofColor.h(33,10): warning C4244:         ]
  (compiling source file '../../../addons/ofxGui/src/ofxColorPicker.cpp')
  
D:\Ascend Project\of_v0.12.1_vs_64_release\libs\openFrameworks\types\ofColor.h(34,10): warning C4244: 'initializing': conversion from 'float' to 'PixelType', possible loss of data
D:\Ascend Project\of_v0.12.1_vs_64_release\libs\openFrameworks\types\ofColor.h(34,10): warning C4244:         with
D:\Ascend Project\of_v0.12.1_vs_64_release\libs\openFrameworks\types\ofColor.h(34,10): warning C4244:         [
D:\Ascend Project\of_v0.12.1_vs_64_release\libs\openFrameworks\types\ofColor.h(34,10): warning C4244:             PixelType=unsigned short
D:\Ascend Project\of_v0.12.1_vs_64_release\libs\openFrameworks\types\ofColor.h(34,10): warning C4244:         ]
  (compiling source file '../../../addons/ofxGui/src/ofxColorPicker.cpp')
  
D:\Ascend Project\of_v0.12.1_vs_64_release\libs\openFrameworks\types\ofColor.h(31,10): warning C4244: 'initializing': conversion from 'float' to 'PixelType', possible loss of data
D:\Ascend Project\of_v0.12.1_vs_64_release\libs\openFrameworks\types\ofColor.h(31,10): warning C4244:         with
D:\Ascend Project\of_v0.12.1_vs_64_release\libs\openFrameworks\types\ofColor.h(31,10): warning C4244:         [
D:\Ascend Project\of_v0.12.1_vs_64_release\libs\openFrameworks\types\ofColor.h(31,10): warning C4244:             PixelType=unsigned char
D:\Ascend Project\of_v0.12.1_vs_64_release\libs\openFrameworks\types\ofColor.h(31,10): warning C4244:         ]
  (compiling source file '../../../addons/ofxGui/src/ofxColorPicker.cpp')
      D:\Ascend Project\of_v0.12.1_vs_64_release\libs\openFrameworks\types\ofColor.h(31,10):
      the template instantiation context (the oldest one first) is
          D:\Ascend Project\of_v0.12.1_vs_64_release\libs\openFrameworks\types\ofColor.h(718,37):
          see reference to class template instantiation 'ofColor_<unsigned char>' being compiled
          D:\Ascend Project\of_v0.12.1_vs_64_release\libs\openFrameworks\types\ofColor.h(30,5):
          while compiling class template member function 'ofColor_<unsigned char>::ofColor_(void)'
              D:\Ascend Project\of_v0.12.1_vs_64_release\addons\ofxGui\src\ofxColorPicker.cpp(60,22):
              see the first reference to 'ofColor_<unsigned char>::ofColor_' in '`anonymous-namespace'::getCircularColor'
              D:\Ascend Project\of_v0.12.1_vs_64_release\addons\ofxGui\src\ofxColorPicker.cpp(330,10):
              see the first reference to '`anonymous-namespace'::getCircularColor' in 'ofxColorPicker_<unsigned char>::setColorScale'
  
D:\Ascend Project\of_v0.12.1_vs_64_release\libs\openFrameworks\types\ofColor.h(32,10): warning C4244: 'initializing': conversion from 'float' to 'PixelType', possible loss of data
D:\Ascend Project\of_v0.12.1_vs_64_release\libs\openFrameworks\types\ofColor.h(32,10): warning C4244:         with
D:\Ascend Project\of_v0.12.1_vs_64_release\libs\openFrameworks\types\ofColor.h(32,10): warning C4244:         [
D:\Ascend Project\of_v0.12.1_vs_64_release\libs\openFrameworks\types\ofColor.h(32,10): warning C4244:             PixelType=unsigned char
D:\Ascend Project\of_v0.12.1_vs_64_release\libs\openFrameworks\types\ofColor.h(32,10): warning C4244:         ]
  (compiling source file '../../../addons/ofxGui/src/ofxColorPicker.cpp')
  
D:\Ascend Project\of_v0.12.1_vs_64_release\libs\openFrameworks\types\ofColor.h(33,10): warning C4244: 'initializing': conversion from 'float' to 'PixelType', possible loss of data
D:\Ascend Project\of_v0.12.1_vs_64_release\libs\openFrameworks\types\ofColor.h(33,10): warning C4244:         with
D:\Ascend Project\of_v0.12.1_vs_64_release\libs\openFrameworks\types\ofColor.h(33,10): warning C4244:         [
D:\Ascend Project\of_v0.12.1_vs_64_release\libs\openFrameworks\types\ofColor.h(33,10): warning C4244:             PixelType=unsigned char
D:\Ascend Project\of_v0.12.1_vs_64_release\libs\openFrameworks\types\ofColor.h(33,10): warning C4244:         ]
  (compiling source file '../../../addons/ofxGui/src/ofxColorPicker.cpp')
  
D:\Ascend Project\of_v0.12.1_vs_64_release\libs\openFrameworks\types\ofColor.h(34,10): warning C4244: 'initializing': conversion from 'float' to 'PixelType', possible loss of data
D:\Ascend Project\of_v0.12.1_vs_64_release\libs\openFrameworks\types\ofColor.h(34,10): warning C4244:         with
D:\Ascend Project\of_v0.12.1_vs_64_release\libs\openFrameworks\types\ofColor.h(34,10): warning C4244:         [
D:\Ascend Project\of_v0.12.1_vs_64_release\libs\openFrameworks\types\ofColor.h(34,10): warning C4244:             PixelType=unsigned char
D:\Ascend Project\of_v0.12.1_vs_64_release\libs\openFrameworks\types\ofColor.h(34,10): warning C4244:         ]
  (compiling source file '../../../addons/ofxGui/src/ofxColorPicker.cpp')
  
D:\Ascend Project\of_v0.12.1_vs_64_release\libs\openFrameworks\types\ofColor.h(578,14): warning C4244: '=': conversion from 'int' to 'PixelType', possible loss of data
D:\Ascend Project\of_v0.12.1_vs_64_release\libs\openFrameworks\types\ofColor.h(578,14): warning C4244:         with
D:\Ascend Project\of_v0.12.1_vs_64_release\libs\openFrameworks\types\ofColor.h(578,14): warning C4244:         [
D:\Ascend Project\of_v0.12.1_vs_64_release\libs\openFrameworks\types\ofColor.h(578,14): warning C4244:             PixelType=float
D:\Ascend Project\of_v0.12.1_vs_64_release\libs\openFrameworks\types\ofColor.h(578,14): warning C4244:         ]
  (compiling source file '../../../addons/ofxGui/src/ofxColorPicker.cpp')
      D:\Ascend Project\of_v0.12.1_vs_64_release\libs\openFrameworks\types\ofColor.h(578,14):
      the template instantiation context (the oldest one first) is
          D:\Ascend Project\of_v0.12.1_vs_64_release\libs\openFrameworks\types\ofColor.h(713,31):
          see reference to class template instantiation 'ofColor_<float>' being compiled
          D:\Ascend Project\of_v0.12.1_vs_64_release\libs\openFrameworks\types\ofColor.h(574,23):
          while compiling friend function 'std::istream &operator >>(std::istream &,ofColor_<float> &)'
              D:\Ascend Project\of_v0.12.1_vs_64_release\libs\openFrameworks\utils\ofUtils.h(732,5):
              see the first reference to 'operator >>' in 'ofFromString'
              D:\Ascend Project\of_v0.12.1_vs_64_release\libs\openFrameworks\types\ofParameter.h(505,9):
              see the first reference to 'ofFromString' in 'of::priv::fromStringImpl'
              D:\Ascend Project\of_v0.12.1_vs_64_release\libs\openFrameworks\types\ofParameter.h(980,17):
              see the first reference to 'of::priv::fromStringImpl' in 'ofParameter<ofFloatColor>::fromString'
  
D:\Ascend Project\of_v0.12.1_vs_64_release\libs\openFrameworks\types\ofColor.h(581,14): warning C4244: '=': conversion from 'int' to 'PixelType', possible loss of data
D:\Ascend Project\of_v0.12.1_vs_64_release\libs\openFrameworks\types\ofColor.h(581,14): warning C4244:         with
D:\Ascend Project\of_v0.12.1_vs_64_release\libs\openFrameworks\types\ofColor.h(581,14): warning C4244:         [
D:\Ascend Project\of_v0.12.1_vs_64_release\libs\openFrameworks\types\ofColor.h(581,14): warning C4244:             PixelType=float
D:\Ascend Project\of_v0.12.1_vs_64_release\libs\openFrameworks\types\ofColor.h(581,14): warning C4244:         ]
  (compiling source file '../../../addons/ofxGui/src/ofxColorPicker.cpp')
  
D:\Ascend Project\of_v0.12.1_vs_64_release\libs\openFrameworks\types\ofColor.h(584,14): warning C4244: '=': conversion from 'int' to 'PixelType', possible loss of data
D:\Ascend Project\of_v0.12.1_vs_64_release\libs\openFrameworks\types\ofColor.h(584,14): warning C4244:         with
D:\Ascend Project\of_v0.12.1_vs_64_release\libs\openFrameworks\types\ofColor.h(584,14): warning C4244:         [
D:\Ascend Project\of_v0.12.1_vs_64_release\libs\openFrameworks\types\ofColor.h(584,14): warning C4244:             PixelType=float
D:\Ascend Project\of_v0.12.1_vs_64_release\libs\openFrameworks\types\ofColor.h(584,14): warning C4244:         ]
  (compiling source file '../../../addons/ofxGui/src/ofxColorPicker.cpp')
  
D:\Ascend Project\of_v0.12.1_vs_64_release\libs\openFrameworks\types\ofColor.h(587,14): warning C4244: '=': conversion from 'int' to 'PixelType', possible loss of data
D:\Ascend Project\of_v0.12.1_vs_64_release\libs\openFrameworks\types\ofColor.h(587,14): warning C4244:         with
D:\Ascend Project\of_v0.12.1_vs_64_release\libs\openFrameworks\types\ofColor.h(587,14): warning C4244:         [
D:\Ascend Project\of_v0.12.1_vs_64_release\libs\openFrameworks\types\ofColor.h(587,14): warning C4244:             PixelType=float
D:\Ascend Project\of_v0.12.1_vs_64_release\libs\openFrameworks\types\ofColor.h(587,14): warning C4244:         ]
  (compiling source file '../../../addons/ofxGui/src/ofxColorPicker.cpp')
  
ofApp.obj : warning LNK4006: "char const * * LEVEL_1_PART_1" (?LEVEL_1_PART_1@@3PAPEBDA) already defined in main.obj; second definition ignored
ofApp.obj : warning LNK4006: "char const * * LEVEL_1_PART_2" (?LEVEL_1_PART_2@@3PAPEBDA) already defined in main.obj; second definition ignored
ofApp.obj : warning LNK4006: "char const * * LEVEL_1_PART_3" (?LEVEL_1_PART_3@@3PAPEBDA) already defined in main.obj; second definition ignored
ofApp.obj : warning LNK4006: "char const * * LEVEL_1_PART_4" (?LEVEL_1_PART_4@@3PAPEBDA) already defined in main.obj; second definition ignored
ofApp.obj : warning LNK4006: "char const * * * LEVEL_1" (?LEVEL_1@@3PAPEAPEBDA) already defined in main.obj; second definition ignored
ofApp.obj : warning LNK4006: "char const * * * * Levels" (?Levels@@3PAPEAPEAPEBDA) already defined in main.obj; second definition ignored
map.obj : warning LNK4006: "char const * * LEVEL_1_PART_1" (?LEVEL_1_PART_1@@3PAPEBDA) already defined in main.obj; second definition ignored
map.obj : warning LNK4006: "char const * * LEVEL_1_PART_2" (?LEVEL_1_PART_2@@3PAPEBDA) already defined in main.obj; second definition ignored
map.obj : warning LNK4006: "char const * * LEVEL_1_PART_3" (?LEVEL_1_PART_3@@3PAPEBDA) already defined in main.obj; second definition ignored
map.obj : warning LNK4006: "char const * * LEVEL_1_PART_4" (?LEVEL_1_PART_4@@3PAPEBDA) already defined in main.obj; second definition ignored
map.obj : warning LNK4006: "char const * * * LEVEL_1" (?LEVEL_1@@3PAPEAPEBDA) already defined in main.obj; second definition ignored
map.obj : warning LNK4006: "char const * * * * Levels" (?Levels@@3PAPEAPEAPEBDA) already defined in main.obj; second definition ignored
player.obj : warning LNK4006: "char const * * LEVEL_1_PART_1" (?LEVEL_1_PART_1@@3PAPEBDA) already defined in main.obj; second definition ignored
player.obj : warning LNK4006: "char const * * LEVEL_1_PART_2" (?LEVEL_1_PART_2@@3PAPEBDA) already defined in main.obj; second definition ignored
player.obj : warning LNK4006: "char const * * LEVEL_1_PART_3" (?LEVEL_1_PART_3@@3PAPEBDA) already defined in main.obj; second definition ignored
player.obj : warning LNK4006: "char const * * LEVEL_1_PART_4" (?LEVEL_1_PART_4@@3PAPEBDA) already defined in main.obj; second definition ignored
player.obj : warning LNK4006: "char const * * * LEVEL_1" (?LEVEL_1@@3PAPEAPEBDA) already defined in main.obj; second definition ignored
player.obj : warning LNK4006: "char const * * * * Levels" (?Levels@@3PAPEAPEAPEBDA) already defined in main.obj; second definition ignored
     Creating library bin\Ascend.lib and object bin\Ascend.exp
bin\Ascend.exe : warning LNK4088: image being generated due to /FORCE option; image may not run
  LINK : /LTCG specified but no code generation required; remove /LTCG from the link command line to improve linker performance
ofApp.obj : warning LNK4006: "char const * * LEVEL_1_PART_1" (?LEVEL_1_PART_1@@3PAPEBDA) already defined in main.obj; second definition ignored
ofApp.obj : warning LNK4006: "char const * * LEVEL_1_PART_2" (?LEVEL_1_PART_2@@3PAPEBDA) already defined in main.obj; second definition ignored
ofApp.obj : warning LNK4006: "char const * * LEVEL_1_PART_3" (?LEVEL_1_PART_3@@3PAPEBDA) already defined in main.obj; second definition ignored
ofApp.obj : warning LNK4006: "char const * * LEVEL_1_PART_4" (?LEVEL_1_PART_4@@3PAPEBDA) already defined in main.obj; second definition ignored
ofApp.obj : warning LNK4006: "char const * * * LEVEL_1" (?LEVEL_1@@3PAPEAPEBDA) already defined in main.obj; second definition ignored
ofApp.obj : warning LNK4006: "char const * * * * Levels" (?Levels@@3PAPEAPEAPEBDA) already defined in main.obj; second definition ignored
map.obj : warning LNK4006: "char const * * LEVEL_1_PART_1" (?LEVEL_1_PART_1@@3PAPEBDA) already defined in main.obj; second definition ignored
map.obj : warning LNK4006: "char const * * LEVEL_1_PART_2" (?LEVEL_1_PART_2@@3PAPEBDA) already defined in main.obj; second definition ignored
map.obj : warning LNK4006: "char const * * LEVEL_1_PART_3" (?LEVEL_1_PART_3@@3PAPEBDA) already defined in main.obj; second definition ignored
map.obj : warning LNK4006: "char const * * LEVEL_1_PART_4" (?LEVEL_1_PART_4@@3PAPEBDA) already defined in main.obj; second definition ignored
map.obj : warning LNK4006: "char const * * * LEVEL_1" (?LEVEL_1@@3PAPEAPEBDA) already defined in main.obj; second definition ignored
map.obj : warning LNK4006: "char const * * * * Levels" (?Levels@@3PAPEAPEAPEBDA) already defined in main.obj; second definition ignored
player.obj : warning LNK4006: "char const * * LEVEL_1_PART_1" (?LEVEL_1_PART_1@@3PAPEBDA) already defined in main.obj; second definition ignored
player.obj : warning LNK4006: "char const * * LEVEL_1_PART_2" (?LEVEL_1_PART_2@@3PAPEBDA) already defined in main.obj; second definition ignored
player.obj : warning LNK4006: "char const * * LEVEL_1_PART_3" (?LEVEL_1_PART_3@@3PAPEBDA) already defined in main.obj; second definition ignored
player.obj : warning LNK4006: "char const * * LEVEL_1_PART_4" (?LEVEL_1_PART_4@@3PAPEBDA) already defined in main.obj; second definition ignored
player.obj : warning LNK4006: "char const * * * LEVEL_1" (?LEVEL_1@@3PAPEAPEBDA) already defined in main.obj; second definition ignored
player.obj : warning LNK4006: "char const * * * * Levels" (?Levels@@3PAPEAPEAPEBDA) already defined in main.obj; second definition ignored
bin\Ascend.exe : warning LNK4088: image being generated due to /FORCE option; image may not run
  Ascend.vcxproj -> D:\Ascend Project\of_v0.12.1_vs_64_release\apps\myApps\Ascend\bin\Ascend.exe
  File not found - *.dll
  0 File(s) copied
